<?xml version="1.0" encoding="UTF-8"?>
<!-- Generated by org.testng.reporters.JUnitReportReporter -->
<testsuite hostname="LAPTOP-O6UDEKEP" failures="0" tests="6" name="com.nexsoft.testNG.LoginTest" time="15.935" errors="0" timestamp="2022-06-17T15:39:26 ICT" skipped="0">
  <testcase classname="com.nexsoft.testNG.LoginTest" name="testLogin" time="4.313"/>
  <system-out>
    <![CDATA[<img src='file://D:\TestScreenshoot\20220617_153914.png'height="500" width="1100"/>]]>
  </system-out>
  <testcase classname="com.nexsoft.testNG.LoginTest" name="testLoginWithValidUsernameAndWrongPassword" time="2.460"/>
  <system-out>
    <![CDATA[<img src='file://D:\TestScreenshoot\20220617_153916.png'height="500" width="1100"/>]]>
  </system-out>
  <testcase classname="com.nexsoft.testNG.LoginTest" name="testLoginWithWrongUsernameAndValidPassword" time="2.292"/>
  <system-out>
    <![CDATA[<img src='file://D:\TestScreenshoot\20220617_153919.png'height="500" width="1100"/>]]>
  </system-out>
  <testcase classname="com.nexsoft.testNG.LoginTest" name="testLoginWithNullUsernameAndValidPassword" time="2.165"/>
  <system-out>
    <![CDATA[<img src='file://D:\TestScreenshoot\20220617_153921.png'height="500" width="1100"/>]]>
  </system-out>
  <testcase classname="com.nexsoft.testNG.LoginTest" name="testLoginWithValidUsernameAndNullPassword" time="2.484"/>
  <system-out>
    <![CDATA[<img src='file://D:\TestScreenshoot\20220617_153926.png'height="500" width="1100"/>]]>
  </system-out>
  <testcase classname="com.nexsoft.testNG.LoginTest" name="testLoginWithNullUsernameAndNullPassword" time="2.221"/>
  <system-out>
    <![CDATA[<img src='file://D:\TestScreenshoot\20220617_153923.png'height="500" width="1100"/>]]>
  </system-out>
</testsuite> <!-- com.nexsoft.testNG.LoginTest -->
